Arguments: 
  /usr/local/Cellar/node@14/14.18.2/bin/node /usr/local/bin/yarn

PATH: 
  /usr/local/opt/node@14/bin:/usr/local/bin:/usr/bin:/bin:/usr/sbin:/sbin:/usr/local/opt/node@14/bin

Yarn version: 
  1.22.17

Node version: 
  14.18.2

Platform: 
  darwin x64

Trace: 
  Error: https://registry.yarnpkg.com/@prisma%2fclient: ETIMEDOUT
      at Timeout._onTimeout (/usr/local/lib/node_modules/yarn/lib/cli.js:141543:19)
      at listOnTimeout (internal/timers.js:557:17)
      at processTimers (internal/timers.js:500:7)

npm manifest: 
  {
    "name": "node_heat",
    "version": "1.0.0",
    "main": "index.js",
    "license": "MIT",
    "scripts": {
      "dev": "ts-node-dev --exit-child src/app.ts"
    },
    "dependencies": {
      "@prisma/client": "3.8.1",
      "axios": "^0.25.0",
      "dotenv": "^14.2.0",
      "express": "^4.17.2",
      "jsonwebtoken": "^8.5.1"
    },
    "devDependencies": {
      "@types/axios": "^0.14.0",
      "@types/express": "^4.17.13",
      "@types/jsonwebtoken": "^8.5.8",
      "prisma": "^3.8.1",
      "ts-node-dev": "^1.1.8",
      "typescript": "^4.5.4"
    }
  }

yarn manifest: 
  No manifest

Lockfile: 
  No lockfile
